[1.238s] Invoking command in '/root/workspace/src/build/robot_controller': PYTHONPATH=/root/workspace/src/build/robot_controller/prefix_override:/root/workspace/src/install/robot_controller/lib/python3.10/site-packages:${PYTHONPATH} /usr/bin/python3 -W ignore:setup.py install is deprecated setup.py develop --editable --build-directory /root/workspace/src/build/robot_controller/build --no-deps symlink_data
[1.594s] running develop
[1.596s] /usr/lib/python3/dist-packages/setuptools/command/easy_install.py:158: EasyInstallDeprecationWarning: easy_install command is deprecated. Use build and pip and other standards-based tools.
[1.596s]   warnings.warn(
[1.747s] running egg_info
[1.747s] writing robot_controller.egg-info/PKG-INFO
[1.748s] writing dependency_links to robot_controller.egg-info/dependency_links.txt
[1.748s] writing entry points to robot_controller.egg-info/entry_points.txt
[1.748s] writing requirements to robot_controller.egg-info/requires.txt
[1.748s] writing top-level names to robot_controller.egg-info/top_level.txt
[1.752s] reading manifest file 'robot_controller.egg-info/SOURCES.txt'
[1.754s] writing manifest file 'robot_controller.egg-info/SOURCES.txt'
[1.757s] running build_ext
[1.760s] Creating /root/workspace/src/install/robot_controller/lib/python3.10/site-packages/robot-controller.egg-link (link to .)
[1.763s] Installing camera_control script to /root/workspace/src/install/robot_controller/lib/robot_controller
[1.763s] Installing draw_circle script to /root/workspace/src/install/robot_controller/lib/robot_controller
[1.763s] Installing face_controller script to /root/workspace/src/install/robot_controller/lib/robot_controller
[1.763s] Installing gui script to /root/workspace/src/install/robot_controller/lib/robot_controller
[1.763s] Installing pose_subsciber script to /root/workspace/src/install/robot_controller/lib/robot_controller
[1.763s] Installing sound script to /root/workspace/src/install/robot_controller/lib/robot_controller
[1.764s] Installing test_node script to /root/workspace/src/install/robot_controller/lib/robot_controller
[1.764s] Installing turtle_controller script to /root/workspace/src/install/robot_controller/lib/robot_controller
[1.764s] 
[1.764s] Installed /root/workspace/src/build/robot_controller
[1.764s] running symlink_data
[1.852s] Invoked command in '/root/workspace/src/build/robot_controller' returned '0': PYTHONPATH=/root/workspace/src/build/robot_controller/prefix_override:/root/workspace/src/install/robot_controller/lib/python3.10/site-packages:${PYTHONPATH} /usr/bin/python3 -W ignore:setup.py install is deprecated setup.py develop --editable --build-directory /root/workspace/src/build/robot_controller/build --no-deps symlink_data
