[1.320s] Invoking command in '/home/beatrix/ws/src/build/robot_controller': PYTHONPATH=/home/beatrix/ws/src/build/robot_controller/prefix_override:/home/beatrix/ws/src/install/robot_controller/lib/python3.10/site-packages:${PYTHONPATH} /usr/bin/python3 -W ignore:setup.py install is deprecated setup.py develop --editable --build-directory /home/beatrix/ws/src/build/robot_controller/build --no-deps symlink_data
[1.794s] running develop
[1.794s] /usr/lib/python3/dist-packages/setuptools/command/easy_install.py:158: EasyInstallDeprecationWarning: easy_install command is deprecated. Use build and pip and other standards-based tools.
[1.794s]   warnings.warn(
[2.188s] running egg_info
[2.188s] writing robot_controller.egg-info/PKG-INFO
[2.188s] writing dependency_links to robot_controller.egg-info/dependency_links.txt
[2.189s] writing entry points to robot_controller.egg-info/entry_points.txt
[2.189s] writing requirements to robot_controller.egg-info/requires.txt
[2.189s] writing top-level names to robot_controller.egg-info/top_level.txt
[2.192s] reading manifest file 'robot_controller.egg-info/SOURCES.txt'
[2.193s] writing manifest file 'robot_controller.egg-info/SOURCES.txt'
[2.196s] running build_ext
[2.197s] Creating /home/beatrix/ws/src/install/robot_controller/lib/python3.10/site-packages/robot-controller.egg-link (link to .)
[2.198s] Installing camera_control script to /home/beatrix/ws/src/install/robot_controller/lib/robot_controller
[2.198s] Installing draw_circle script to /home/beatrix/ws/src/install/robot_controller/lib/robot_controller
[2.198s] Installing face_controller script to /home/beatrix/ws/src/install/robot_controller/lib/robot_controller
[2.199s] Installing gui script to /home/beatrix/ws/src/install/robot_controller/lib/robot_controller
[2.199s] Installing pose_subsciber script to /home/beatrix/ws/src/install/robot_controller/lib/robot_controller
[2.199s] Installing test_node script to /home/beatrix/ws/src/install/robot_controller/lib/robot_controller
[2.199s] Installing turtle_controller script to /home/beatrix/ws/src/install/robot_controller/lib/robot_controller
[2.200s] 
[2.200s] Installed /home/beatrix/ws/src/build/robot_controller
[2.200s] running symlink_data
[2.200s] symbolically linking /home/beatrix/ws/src/build/robot_controller/resource/robot_controller -> /home/beatrix/ws/src/install/robot_controller/share/ament_index/resource_index/packages
[2.200s] error: [Errno 17] File exists: '/home/beatrix/ws/src/build/robot_controller/resource/robot_controller' -> '/home/beatrix/ws/src/install/robot_controller/share/ament_index/resource_index/packages/robot_controller'
[2.300s] Invoked command in '/home/beatrix/ws/src/build/robot_controller' returned '1': PYTHONPATH=/home/beatrix/ws/src/build/robot_controller/prefix_override:/home/beatrix/ws/src/install/robot_controller/lib/python3.10/site-packages:${PYTHONPATH} /usr/bin/python3 -W ignore:setup.py install is deprecated setup.py develop --editable --build-directory /home/beatrix/ws/src/build/robot_controller/build --no-deps symlink_data
