[1.255s] Invoking command in '/home/beatrix/ws/src/build/robot_controller': PYTHONPATH=/home/beatrix/ws/src/build/robot_controller/prefix_override:/home/beatrix/ws/src/install/robot_controller/lib/python3.10/site-packages:${PYTHONPATH} /usr/bin/python3 -W ignore:setup.py install is deprecated setup.py develop --editable --build-directory /home/beatrix/ws/src/build/robot_controller/build --no-deps symlink_data
[1.775s] running develop
[1.776s] /usr/lib/python3/dist-packages/setuptools/command/easy_install.py:158: EasyInstallDeprecationWarning: easy_install command is deprecated. Use build and pip and other standards-based tools.
[1.776s]   warnings.warn(
[2.013s] running egg_info
[2.013s] writing robot_controller.egg-info/PKG-INFO
[2.014s] writing dependency_links to robot_controller.egg-info/dependency_links.txt
[2.014s] writing entry points to robot_controller.egg-info/entry_points.txt
[2.014s] writing requirements to robot_controller.egg-info/requires.txt
[2.015s] writing top-level names to robot_controller.egg-info/top_level.txt
[2.019s] reading manifest file 'robot_controller.egg-info/SOURCES.txt'
[2.021s] writing manifest file 'robot_controller.egg-info/SOURCES.txt'
[2.025s] running build_ext
[2.025s] Creating /home/beatrix/ws/src/install/robot_controller/lib/python3.10/site-packages/robot-controller.egg-link (link to .)
[2.028s] Installing camera_control script to /home/beatrix/ws/src/install/robot_controller/lib/robot_controller
[2.028s] Installing draw_circle script to /home/beatrix/ws/src/install/robot_controller/lib/robot_controller
[2.028s] Installing face_controller script to /home/beatrix/ws/src/install/robot_controller/lib/robot_controller
[2.029s] Installing gui script to /home/beatrix/ws/src/install/robot_controller/lib/robot_controller
[2.029s] Installing pose_subsciber script to /home/beatrix/ws/src/install/robot_controller/lib/robot_controller
[2.029s] Installing test_node script to /home/beatrix/ws/src/install/robot_controller/lib/robot_controller
[2.029s] Installing turtle_controller script to /home/beatrix/ws/src/install/robot_controller/lib/robot_controller
[2.030s] 
[2.030s] Installed /home/beatrix/ws/src/build/robot_controller
[2.030s] running symlink_data
[2.030s] symbolically linking /home/beatrix/ws/src/build/robot_controller/resource/robot_controller -> /home/beatrix/ws/src/install/robot_controller/share/ament_index/resource_index/packages
[2.030s] error: [Errno 17] File exists: '/home/beatrix/ws/src/build/robot_controller/resource/robot_controller' -> '/home/beatrix/ws/src/install/robot_controller/share/ament_index/resource_index/packages/robot_controller'
[2.123s] Invoked command in '/home/beatrix/ws/src/build/robot_controller' returned '1': PYTHONPATH=/home/beatrix/ws/src/build/robot_controller/prefix_override:/home/beatrix/ws/src/install/robot_controller/lib/python3.10/site-packages:${PYTHONPATH} /usr/bin/python3 -W ignore:setup.py install is deprecated setup.py develop --editable --build-directory /home/beatrix/ws/src/build/robot_controller/build --no-deps symlink_data
