running develop
running egg_info
creating robot_controller.egg-info
writing robot_controller.egg-info/PKG-INFO
writing dependency_links to robot_controller.egg-info/dependency_links.txt
writing entry points to robot_controller.egg-info/entry_points.txt
writing requirements to robot_controller.egg-info/requires.txt
writing top-level names to robot_controller.egg-info/top_level.txt
writing manifest file 'robot_controller.egg-info/SOURCES.txt'
reading manifest file 'robot_controller.egg-info/SOURCES.txt'
writing manifest file 'robot_controller.egg-info/SOURCES.txt'
running build_ext
Creating /root/workspace/src/install/robot_controller/lib/python3.10/site-packages/robot-controller.egg-link (link to .)
Installing camera_control script to /root/workspace/src/install/robot_controller/lib/robot_controller
Installing draw_circle script to /root/workspace/src/install/robot_controller/lib/robot_controller
Installing face_controller script to /root/workspace/src/install/robot_controller/lib/robot_controller
Installing gui script to /root/workspace/src/install/robot_controller/lib/robot_controller
Installing pose_subsciber script to /root/workspace/src/install/robot_controller/lib/robot_controller
Installing test_node script to /root/workspace/src/install/robot_controller/lib/robot_controller
Installing turtle_controller script to /root/workspace/src/install/robot_controller/lib/robot_controller

Installed /root/workspace/src/build/robot_controller
running symlink_data
creating /root/workspace/src/install/robot_controller/share/ament_index
creating /root/workspace/src/install/robot_controller/share/ament_index/resource_index
creating /root/workspace/src/install/robot_controller/share/ament_index/resource_index/packages
symbolically linking /root/workspace/src/build/robot_controller/resource/robot_controller -> /root/workspace/src/install/robot_controller/share/ament_index/resource_index/packages
symbolically linking /root/workspace/src/build/robot_controller/package.xml -> /root/workspace/src/install/robot_controller/share/robot_controller
